<?xml version="1.0" encoding="UTF-8" ?>
<testsuite tests="19" failures="1" name="jp.array.ArrayTest" time="0.011" errors="0" skipped="0">
  <properties>
[...]
</properties>
  <testcase classname="jp.array.ArrayTest" name="jp.array.ArrayTest.testReverse" time="0.003"/>
  <testcase classname="jp.array.ArrayTest" name="jp.array.ArrayTest.testAdd" time="0"/>
  <testcase classname="jp.array.ArrayTest" name="jp.array.ArrayTest.testDefragment" time="0"/>
  <testcase classname="jp.array.ArrayTest" name="jp.array.ArrayTest.testRemoveRange" time="0"/>
  <testcase classname="jp.array.ArrayTest" name="jp.array.ArrayTest.testClear" time="0"/>
  <testcase classname="jp.array.ArrayTest" name="jp.array.ArrayTest.testIndexOfMethod" time="0"/>
  <testcase classname="jp.array.ArrayTest" name="jp.array.ArrayTest.testRemoveAtIndex" time="0.001"/>
  <testcase classname="jp.array.ArrayTest" name="jp.array.ArrayTest.testSetValidIndex" time="0"/>
  <testcase classname="jp.array.ArrayTest" name="jp.array.ArrayTest.testAddArray" time="0"/>
  <testcase classname="jp.array.ArrayTest" name="jp.array.ArrayTest.testAddWithIndex" time="0.006">
    <failure message="expected: &lt;4&gt; but was: &lt;3&gt;" type="org.opentest4j.AssertionFailedError">org.opentest4j.AssertionFailedError: expected: &lt;4&gt; but was: &lt;3&gt;
	at org.junit.jupiter.api.AssertionFailureBuilder.build(AssertionFailureBuilder.java:151)
	at org.junit.jupiter.api.AssertionFailureBuilder.buildAndThrow(AssertionFailureBuilder.java:132)
	at org.junit.jupiter.api.AssertEquals.failNotEqual(AssertEquals.java:197)
	at org.junit.jupiter.api.AssertEquals.assertEquals(AssertEquals.java:150)
	at org.junit.jupiter.api.AssertEquals.assertEquals(AssertEquals.java:145)
	at org.junit.jupiter.api.Assertions.assertEquals(Assertions.java:528)
	at jp.array.ArrayTest.testAddWithIndex(ArrayTest.java:50)
</failure>
  </testcase>
  <testcase classname="jp.array.ArrayTest" name="jp.array.ArrayTest.testGetMethod" time="0"/>
  <testcase classname="jp.array.ArrayTest" name="jp.array.ArrayTest.testDimension" time="0"/>
  <testcase classname="jp.array.ArrayTest" name="jp.array.ArrayTest.testIsEmptyWhenNotEmpty" time="0"/>
  <testcase classname="jp.array.ArrayTest" name="jp.array.ArrayTest.testIsEmptyWhenEmpty" time="0"/>
  <testcase classname="jp.array.ArrayTest" name="jp.array.ArrayTest.testRemoveWithPredicate" time="0"/>
  <testcase classname="jp.array.ArrayTest" name="jp.array.ArrayTest.testReverseEmptyArray" time="0"/>
  <testcase classname="jp.array.ArrayTest" name="jp.array.ArrayTest.testLastIndexOfMethod" time="0"/>
  <testcase classname="jp.array.ArrayTest" name="jp.array.ArrayTest.testContainsElement" time="0.001"/>
  <testcase classname="jp.array.ArrayTest" name="jp.array.ArrayTest.testContainsElementArray" time="0"/>
</testsuite>